<?xml version="1.0" encoding="UTF-8"?>
<!-- Generated by org.testng.reporters.JUnitReportReporter -->
<testsuite skipped="0" hostname="Ivaan" name="org.spring.demo.test.TestEmployee" tests="5" failures="0" timestamp="2019-09-05T07:24:35 CDT" time="0.298" errors="0">
  <testcase name="addInt" time="0.015" classname="org.spring.demo.test.TestEmployee"/>
  <testcase name="getEmployeeListTestNE" time="0.245" classname="org.spring.demo.test.TestEmployee"/>
  <testcase name="getEmployeeTest" time="0.014" classname="org.spring.demo.test.TestEmployee"/>
  <testcase name="getEmployeeTestNE" time="0.012" classname="org.spring.demo.test.TestEmployee"/>
  <testcase name="getEmployeeListTest" time="0.012" classname="org.spring.demo.test.TestEmployee"/>
</testsuite> <!-- org.spring.demo.test.TestEmployee -->
