<?xml version="1.0" encoding="UTF-8"?>
<!-- Generated by org.testng.reporters.JUnitReportReporter -->
<testsuite skipped="0" hostname="Ivaan" name="org.spring.demo.test.TestEmployeeDP" tests="5" failures="0" timestamp="2019-09-05T16:00:37 CDT" time="0.323" errors="0">
  <testcase name="addInt" time="0.006" classname="org.spring.demo.test.TestEmployeeDP"/>
  <testcase name="addInt" time="0.013" classname="org.spring.demo.test.TestEmployeeDP"/>
  <testcase name="insertDataTest" time="0.209" classname="org.spring.demo.test.TestEmployeeDP"/>
  <testcase name="updateDataTest" time="0.073" classname="org.spring.demo.test.TestEmployeeDP"/>
  <testcase name="addInt" time="0.022" classname="org.spring.demo.test.TestEmployeeDP"/>
</testsuite> <!-- org.spring.demo.test.TestEmployeeDP -->
