<?xml version="1.0" encoding="UTF-8"?>
<!-- Generated by org.testng.reporters.JUnitReportReporter -->
<testsuite skipped="0" hostname="Ivaan" name="org.spring.demo.test.TestEmployeeWithMock" tests="3" failures="0" timestamp="2019-09-06T10:55:06 CDT" time="0.051" errors="0">
  <testcase name="testDeleteData" time="0.034" classname="org.spring.demo.test.TestEmployeeWithMock"/>
  <testcase name="testInsertData" time="0.009" classname="org.spring.demo.test.TestEmployeeWithMock"/>
  <testcase name="testUpdateData" time="0.008" classname="org.spring.demo.test.TestEmployeeWithMock"/>
</testsuite> <!-- org.spring.demo.test.TestEmployeeWithMock -->
